{"error":"database \"postalservices-db\" does not exist","level":"error","message":"Query error","service":"Database","text":"\n    SELECT table_name \n    FROM information_schema.tables \n    WHERE table_schema = 'public' \n    AND table_name IN ('emails', 'categories', 'services', 'clients', 'quotations', 'appointments');\n  ","timestamp":"2025-09-14T22:17:53.927Z"}
{"error":"database \"postalservices-db\" does not exist","level":"error","message":"Query error","service":"Database","text":"\n    CREATE TABLE IF NOT EXISTS emails (\n      id SERIAL PRIMARY KEY,\n      gmail_id VARCHAR(255) UNIQUE NOT NULL,\n      subject TEXT NOT NULL,\n      sender VARCHAR(500) NOT NULL,\n      date TIMESTAMP NOT NULL,\n      body TEXT,\n      snippet TEXT,\n      category VARCHAR(100),\n      confidence DECIMAL(3,2),\n      processed BOOLEAN DEFAULT FALSE,\n      responded BOOLEAN DEFAULT FALSE,\n      response_template VARCHAR(255),\n      created_at TIMESTAMP DEFAULT CURRENT_TIMESTAMP,\n      updated_at TIMESTAMP DEFAULT CURRENT_TIMESTAMP\n    );\n  ","timestamp":"2025-09-14T22:17:54.003Z"}
{"level":"error","message":"Migrations failed","service":"DBMigrations","timestamp":"2025-09-14T22:17:54.005Z"}
{"level":"error","message":"Failed to initialize database","service":"Server","timestamp":"2025-09-14T22:17:54.008Z"}
{"error":"connect ECONNREFUSED 127.0.0.1:5432","level":"error","message":"Query error","service":"Database","text":"\n    SELECT table_name \n    FROM information_schema.tables \n    WHERE table_schema = 'public' \n    AND table_name IN ('emails', 'categories', 'services', 'clients', 'quotations', 'appointments');\n  ","timestamp":"2025-09-14T22:23:12.024Z"}
{"level":"error","message":"Migrations failed","service":"DBMigrations","timestamp":"2025-09-14T22:23:12.084Z"}
{"level":"error","message":"Failed to initialize database","service":"Server","timestamp":"2025-09-14T22:23:12.091Z"}
{"error":"column \"duration\" of relation \"services\" does not exist","level":"error","message":"Query error","params":["Instalação Elétrica","Instalação completa de sistema elétrico residencial","Eletricista",80,"4-8 horas"],"service":"Database","text":"INSERT INTO services (name, description, category, price, duration) \n         VALUES ($1, $2, $3, $4, $5)","timestamp":"2025-09-14T22:26:14.355Z"}
{"level":"error","message":"Failed to seed default data:","service":"DataSeeder","timestamp":"2025-09-14T22:26:14.369Z"}
{"level":"error","message":"Failed to initialize database","service":"Server","timestamp":"2025-09-14T22:26:14.373Z"}
{"error":"duplicate key value violates unique constraint \"emails_gmail_id_key\"","level":"error","message":"Query error","params":["uniqugggssssgggggge-xxx-id-123","Assunto do Email","Nome do Remetente <remetente@email.com>","2025-09-12T13:35:49.795Z","Corpo do email...","Eletricista",false],"service":"Database","text":"INSERT INTO emails (gmail_id, subject, sender, date, body, category, processed)\n         VALUES ($1, $2, $3, $4, $5, $6, $7)\n         RETURNING *","timestamp":"2025-09-14T22:30:06.893Z"}
{"level":"error","message":"Validation error creating service:","service":"ServiceService","timestamp":"2025-09-15T08:12:01.693Z"}
{"error":"duplicate key value violates unique constraint \"categories_name_key\"","level":"error","message":"Error creating category","service":"portal-services-server","timestamp":"2025-09-15T09:18:42.005Z"}
{"error":"duplicate key value violates unique constraint \"emails_gmail_id_key\"","level":"error","message":"Error creating email","service":"portal-services-server","timestamp":"2025-09-15T09:24:05.278Z"}
{"error":"column \"id\" is of type integer but expression is of type uuid","level":"error","message":"Error creating client","service":"portal-services-server","timestamp":"2025-09-15T09:28:51.146Z"}
{"error":"column \"id\" is of type integer but expression is of type uuid","level":"error","message":"Error creating client","service":"portal-services-server","timestamp":"2025-09-15T09:31:34.412Z"}
{"error":"column \"id\" is of type integer but expression is of type uuid","level":"error","message":"Error creating client","service":"portal-services-server","timestamp":"2025-09-15T09:32:07.043Z"}
{"error":"column \"id\" is of type integer but expression is of type uuid","level":"error","message":"Error creating client","service":"portal-services-server","timestamp":"2025-09-15T09:32:36.378Z"}
{"error":"getaddrinfo ENOTFOUND db","level":"error","message":"Error listing categories","service":"portal-services-server","timestamp":"2025-09-15T16:26:55.279Z"}
{"error":"getaddrinfo EAI_AGAIN db","level":"error","message":"Error getting business stats","service":"portal-services-server","timestamp":"2025-09-15T16:26:56.277Z"}
{"error":"getaddrinfo ENOTFOUND db","level":"error","message":"Error listing emails","service":"portal-services-server","timestamp":"2025-09-15T16:27:00.802Z"}
{"error":"getaddrinfo ENOTFOUND db","level":"error","message":"Error listing categories","service":"portal-services-server","timestamp":"2025-09-15T16:27:04.687Z"}
{"error":"getaddrinfo EAI_AGAIN db","level":"error","message":"Error getting business stats","service":"portal-services-server","timestamp":"2025-09-15T16:32:51.759Z"}
{"error":"getaddrinfo EAI_AGAIN db","level":"error","message":"Error listing categories","service":"portal-services-server","timestamp":"2025-09-15T16:32:51.850Z"}
{"error":"getaddrinfo EAI_AGAIN db","level":"error","message":"Error listing emails","service":"portal-services-server","timestamp":"2025-09-15T16:33:14.507Z"}
{"error":"getaddrinfo ENOTFOUND db","level":"error","message":"Error listing categories","service":"portal-services-server","timestamp":"2025-09-15T16:33:15.113Z"}
{"error":"getaddrinfo EAI_AGAIN db","level":"error","message":"Error getting business stats","service":"portal-services-server","timestamp":"2025-09-15T16:34:21.626Z"}
{"error":"getaddrinfo EAI_AGAIN db","level":"error","message":"Error listing categories","service":"portal-services-server","timestamp":"2025-09-15T16:34:21.656Z"}
{"error":"getaddrinfo ENOTFOUND db","level":"error","message":"Error listing emails","service":"portal-services-server","timestamp":"2025-09-15T16:34:25.458Z"}
{"error":"getaddrinfo ENOTFOUND db","level":"error","message":"Error getting business stats","service":"portal-services-server","timestamp":"2025-09-15T16:34:26.474Z"}
{"error":"getaddrinfo ENOTFOUND db","level":"error","message":"Error getting business stats","service":"portal-services-server","timestamp":"2025-09-15T16:38:56.930Z"}
{"error":"getaddrinfo ENOTFOUND db","level":"error","message":"Error getting business stats","service":"portal-services-server","timestamp":"2025-09-15T16:39:28.639Z"}
{"error":"getaddrinfo ENOTFOUND db","level":"error","message":"Error listing categories","service":"portal-services-server","timestamp":"2025-09-15T16:39:28.648Z"}
{"error":"duplicate key value violates unique constraint \"emails_gmail_id_key\"","level":"error","message":"Error creating email","service":"portal-services-server","timestamp":"2025-09-15T16:52:49.575Z"}
{"error":"duplicate key value violates unique constraint \"categories_name_key\"","level":"error","message":"Error creating category","service":"portal-services-server","timestamp":"2025-09-16T10:09:31.673Z"}
